#
# There is insufficient memory for the Java Runtime Environment to continue.
# Native memory allocation (mmap) failed to map 132120576 bytes for Failed to commit area from 0x0000000082600000 to 0x000000008a400000 of length 132120576.
# Possible reasons:
#   The system is out of physical RAM or swap space
#   The process is running with CompressedOops enabled, and the Java Heap may be blocking the growth of the native heap
# Possible solutions:
#   Reduce memory load on the system
#   Increase physical memory or swap space
#   Check if swap backing store is full
#   Decrease Java heap size (-Xmx/-Xms)
#   Decrease number of Java threads
#   Decrease Java thread stack sizes (-Xss)
#   Set larger code cache with -XX:ReservedCodeCacheSize=
# This output file may be truncated or incomplete.
#
#  Out of Memory Error (t:/workspace/open/src/hotspot/os/windows/os_windows.cpp:3264), pid=5504, tid=23364
#
# JRE version:  (12.0.2+10) (build )
# Java VM: Java HotSpot(TM) 64-Bit Server VM (12.0.2+10, mixed mode, aot, sharing, tiered, compressed oops, g1 gc, windows-amd64)
# No core dump will be written. Minidumps are not enabled by default on client versions of Windows
#

---------------  S U M M A R Y ------------

Command Line: -Dfile.encoding=Cp1252 --module-path=D:\important jars\mysql-connector-java-8.0.21.jar ima.PurchaseVoucherInfo

Host: Intel(R) Core(TM) i5-8300H CPU @ 2.30GHz, 8 cores, 7G,  Windows 10 , 64 bit Build 19041 (10.0.19041.662)
Time: Fri Dec 25 00:17:34 2020 India Standard Time elapsed time: 0 seconds (0d 0h 0m 0s)

---------------  T H R E A D  ---------------

Current thread (0x000001e9e6aa5000):  JavaThread "Unknown thread" [_thread_in_vm, id=23364, stack(0x0000008031400000,0x0000008031500000)]

Stack: [0x0000008031400000,0x0000008031500000]
Native frames: (J=compiled Java code, j=interpreted, Vv=VM code, C=native code)
V  [jvm.dll+0x63aa2a]
V  [jvm.dll+0x78ce1e]
V  [jvm.dll+0x78e4c1]
V  [jvm.dll+0x78eb13]
V  [jvm.dll+0x2627e8]
V  [jvm.dll+0x637f5a]
V  [jvm.dll+0x62c845]
V  [jvm.dll+0x31e49c]
V  [jvm.dll+0x31e2cf]
V  [jvm.dll+0x324006]
V  [jvm.dll+0x371f56]
V  [jvm.dll+0x371720]
V  [jvm.dll+0x2f845a]
V  [jvm.dll+0x2f96d2]
V  [jvm.dll+0x767267]
V  [jvm.dll+0x7689f5]
V  [jvm.dll+0x380059]
V  [jvm.dll+0x74b794]
V  [jvm.dll+0x3ef5cd]
V  [jvm.dll+0x3f1471]
C  [jli.dll+0x51cf]
C  [ucrtbase.dll+0x214c2]
C  [KERNEL32.DLL+0x17034]
C  [ntdll.dll+0x4d0d1]


---------------  P R O C E S S  ---------------

Threads class SMR info:
_java_thread_list=0x00007ffee6d47928, length=0, elements={
}

Java Threads: ( => current thread )

Other Threads:
  0x000001e9e6ae2000 GCTaskThread "GC Thread#0" [stack: 0x0000008031500000,0x0000008031600000] [id=7132]
  0x000001e9e6af0800 ConcurrentGCThread "G1 Main Marker" [stack: 0x0000008031600000,0x0000008031700000] [id=9564]
  0x000001e9e6af3800 ConcurrentGCThread "G1 Conc#0" [stack: 0x0000008031700000,0x0000008031800000] [id=23388]

[error occurred during error reporting (printing all threads), id 0xc0000005, EXCEPTION_ACCESS_VIOLATION (0xc0000005) at pc=0x00007ffee65785e7]

VM state:not at safepoint (not fully initialized)

VM Mutex/Monitor currently owned by a thread:  ([mutex/lock_event])
[0x000001e9e6aa1610] Heap_lock - owner thread: 0x000001e9e6aa5000

Heap address: 0x0000000082600000, size: 2010 MB, Compressed Oops mode: Non-zero based: 0x0000000082600000
Narrow klass base: 0x0000000000000000, Narrow klass shift: 0

GC Heap History (0 events):
No events

Deoptimization events (0 events):
No events

Classes redefined (0 events):
No events

Internal exceptions (0 events):
No events

Events (0 events):
No events


Dynamic libraries:
0x00007ff7240e0000 - 0x00007ff7240ef000 	C:\Program Files\Java\jdk-12.0.2\bin\javaw.exe
0x00007fff545d0000 - 0x00007fff547c6000 	C:\WINDOWS\SYSTEM32\ntdll.dll
0x00007fff52c00000 - 0x00007fff52cbd000 	C:\WINDOWS\System32\KERNEL32.DLL
0x00007fff52100000 - 0x00007fff523c9000 	C:\WINDOWS\System32\KERNELBASE.dll
0x00007fff523d0000 - 0x00007fff524d0000 	C:\WINDOWS\System32\ucrtbase.dll
0x00007fff21720000 - 0x00007fff21736000 	C:\Program Files\Java\jdk-12.0.2\bin\VCRUNTIME140.dll
0x00007fff2d5f0000 - 0x00007fff2d608000 	C:\Program Files\Java\jdk-12.0.2\bin\jli.dll
0x00007fff543b0000 - 0x00007fff5445c000 	C:\WINDOWS\System32\ADVAPI32.dll
0x00007fff544f0000 - 0x00007fff5458e000 	C:\WINDOWS\System32\msvcrt.dll
0x00007fff52840000 - 0x00007fff528dc000 	C:\WINDOWS\System32\sechost.dll
0x00007fff54200000 - 0x00007fff5432b000 	C:\WINDOWS\System32\RPCRT4.dll
0x00007fff53480000 - 0x00007fff53620000 	C:\WINDOWS\System32\USER32.dll
0x00007fff52600000 - 0x00007fff52622000 	C:\WINDOWS\System32\win32u.dll
0x00007fff40000000 - 0x00007fff4029b000 	C:\WINDOWS\WinSxS\amd64_microsoft.windows.common-controls_6595b64144ccf1df_6.0.19041.488_none_ca04af081b815d21\COMCTL32.dll
0x00007fff53fe0000 - 0x00007fff5400a000 	C:\WINDOWS\System32\GDI32.dll
0x00007fff51d10000 - 0x00007fff51e19000 	C:\WINDOWS\System32\gdi32full.dll
0x00007fff51fe0000 - 0x00007fff5207d000 	C:\WINDOWS\System32\msvcp_win.dll
0x00007fff46fa0000 - 0x00007fff46faa000 	C:\WINDOWS\SYSTEM32\VERSION.dll
0x00007fff526b0000 - 0x00007fff526e0000 	C:\WINDOWS\System32\IMM32.DLL
0x00007ffef4c50000 - 0x00007ffef4cfa000 	C:\Program Files\Java\jdk-12.0.2\bin\msvcp140.dll
0x00007ffee6270000 - 0x00007ffee6de7000 	C:\Program Files\Java\jdk-12.0.2\bin\server\jvm.dll
0x00007fff54330000 - 0x00007fff54338000 	C:\WINDOWS\System32\PSAPI.DLL
0x00007fff3a6a0000 - 0x00007fff3a6a9000 	C:\WINDOWS\SYSTEM32\WSOCK32.dll
0x00007fff46b40000 - 0x00007fff46b67000 	C:\WINDOWS\SYSTEM32\WINMM.dll
0x00007fff54340000 - 0x00007fff543ab000 	C:\WINDOWS\System32\WS2_32.dll
0x00007fff4fc60000 - 0x00007fff4fc72000 	C:\WINDOWS\SYSTEM32\kernel.appcore.dll
0x00007fff49d40000 - 0x00007fff49d51000 	C:\Program Files\Java\jdk-12.0.2\bin\verify.dll
0x00007fff3ada0000 - 0x00007fff3af84000 	C:\WINDOWS\SYSTEM32\DBGHELP.DLL
0x00007fff3a980000 - 0x00007fff3a9ac000 	C:\WINDOWS\SYSTEM32\dbgcore.DLL
0x00007fff52080000 - 0x00007fff52100000 	C:\WINDOWS\System32\bcryptPrimitives.dll
0x00007fff41060000 - 0x00007fff41086000 	C:\Program Files\Java\jdk-12.0.2\bin\java.dll
0x00007fff49b60000 - 0x00007fff49b77000 	C:\Program Files\Java\jdk-12.0.2\bin\zip.dll
0x00007fff4f590000 - 0x00007fff4f59a000 	C:\Program Files\Java\jdk-12.0.2\bin\jimage.dll

dbghelp: loaded successfully - version: 4.0.5 - missing functions: none
symbol engine: initialized successfully - sym options: 0x614 - pdb path: .;C:\Program Files\Java\jdk-12.0.2\bin;C:\WINDOWS\SYSTEM32;C:\WINDOWS\WinSxS\amd64_microsoft.windows.common-controls_6595b64144ccf1df_6.0.19041.488_none_ca04af081b815d21;C:\Program Files\Java\jdk-12.0.2\bin\server

VM Arguments:
jvm_args: -Dfile.encoding=Cp1252 --module-path=D:\important jars\mysql-connector-java-8.0.21.jar 
java_command: ima.PurchaseVoucherInfo
java_class_path (initial): C:\Users\ernes\Desktop\ashish\InventoryManagementSystem\bin;C:\Users\ernes\Desktop\ashish\InventoryManagementSystem\res\rs2xml.jar
Launcher Type: SUN_STANDARD

[Global flags]
     intx CICompilerCount                          = 4                                         {product} {ergonomic}
     uint ConcGCThreads                            = 2                                         {product} {ergonomic}
     uint G1ConcRefinementThreads                  = 8                                         {product} {ergonomic}
   size_t G1HeapRegionSize                         = 1048576                                   {product} {ergonomic}
    uintx GCDrainStackTargetSize                   = 64                                        {product} {ergonomic}
   size_t InitialHeapSize                          = 132120576                                 {product} {ergonomic}
   size_t MarkStackSize                            = 4194304                                   {product} {ergonomic}
   size_t MaxHeapSize                              = 2107637760                                {product} {ergonomic}
   size_t MinHeapDeltaBytes                        = 1048576                                   {product} {ergonomic}
    uintx NonNMethodCodeHeapSize                   = 5836300                                {pd product} {ergonomic}
    uintx NonProfiledCodeHeapSize                  = 122910970                              {pd product} {ergonomic}
    uintx ProfiledCodeHeapSize                     = 122910970                              {pd product} {ergonomic}
    uintx ReservedCodeCacheSize                    = 251658240                              {pd product} {ergonomic}
     bool SegmentedCodeCache                       = true                                      {product} {ergonomic}
     bool UseCompressedClassPointers               = true                                 {lp64_product} {ergonomic}
     bool UseCompressedOops                        = true                                 {lp64_product} {ergonomic}
     bool UseG1GC                                  = true                                      {product} {ergonomic}
     bool UseLargePagesIndividualAllocation        = false                                  {pd product} {ergonomic}

Logging:
Log output configuration:
 #0: stdout all=warning uptime,level,tags
 #1: stderr all=off uptime,level,tags

Environment Variables:
JAVA_HOME=C:\Program Files\Java\jdk-12.0.2;
PATH=C:/Program Files/Java/jdk-12.0.2/bin/server;C:/Program Files/Java/jdk-12.0.2/bin;C:\Program Files\Java\jdk-12.0.2\bin;;%SystemRoot%\system32;%SystemRoot%;%SystemRoot%\System32\Wbem;%SYSTEMROOT%\System32\WindowsPowerShell\v1.0\;%SYSTEMROOT%\System32\OpenSSH\;C:\Program Files\MySQL\MySQL Shell 8.0\bin\;C:\Users\ernes\AppData\Local\Programs\Python\Python38-32\Scripts\;C:\Users\ernes\AppData\Local\Programs\Python\Python38-32\;C:\Users\ernes\AppData\Local\Microsoft\WindowsApps;E:\programme\Microsoft VS Code\bin;C:\Program Files (x86)\mingw-w64\i686-8.1.0-posix-dwarf-rt_v6-rev0\mingw32\bin;C:\Program Files\JetBrains\PyCharm 2019.2.4\bin;;C:\Windows\System32;;C:\Users\ernes\Desktop;
USERNAME=ernes
OS=Windows_NT
PROCESSOR_IDENTIFIER=Intel64 Family 6 Model 158 Stepping 10, GenuineIntel



---------------  S Y S T E M  ---------------

OS: Windows 10 , 64 bit Build 19041 (10.0.19041.662)

CPU:total 8 (initial active 8) (4 cores per cpu, 2 threads per core) family 6 model 158 stepping 10, cmov, cx8, fxsr, mmx, sse, sse2, sse3, ssse3, sse4.1, sse4.2, popcnt, avx, avx2, aes, clmul, erms, 3dnowpref, lzcnt, ht, tsc, tscinvbit, bmi1, bmi2, adx, fma

Memory: 4k page, system-wide physical 8034M (1377M free)
TotalPageFile size 23154M (AvailPageFile size 21M)
current process WorkingSet (physical memory assigned to process): 10M, peak: 10M
current process commit charge ("private bytes"): 60M, peak: 186M

vm_info: Java HotSpot(TM) 64-Bit Server VM (12.0.2+10) for windows-amd64 JRE (12.0.2+10), built on Jul 16 2019 01:56:17 by "mach5one" with MS VC++ 15.5 (VS2017)

END.
